Determining if the pthread_create exist failed with the following output:
Change Dir: /home/e4e/workspace/multicam_orbslam/multicam_orbslam/MultiCol-SLAM/Examples/ROS/MultiColSLAM/build/CMakeFiles/CMakeTmp

Run Build Command:"/usr/bin/make" "cmTC_a5170/fast"
/usr/bin/make -f CMakeFiles/cmTC_a5170.dir/build.make CMakeFiles/cmTC_a5170.dir/build
make[1]: Entering directory '/home/e4e/workspace/multicam_orbslam/multicam_orbslam/MultiCol-SLAM/Examples/ROS/MultiColSLAM/build/CMakeFiles/CMakeTmp'
Building C object CMakeFiles/cmTC_a5170.dir/CheckSymbolExists.c.o
/usr/bin/cc     -o CMakeFiles/cmTC_a5170.dir/CheckSymbolExists.c.o   -c /home/e4e/workspace/multicam_orbslam/multicam_orbslam/MultiCol-SLAM/Examples/ROS/MultiColSLAM/build/CMakeFiles/CMakeTmp/CheckSymbolExists.c
Linking C executable cmTC_a5170
/usr/bin/cmake -E cmake_link_script CMakeFiles/cmTC_a5170.dir/link.txt --verbose=1
/usr/bin/cc       CMakeFiles/cmTC_a5170.dir/CheckSymbolExists.c.o  -o cmTC_a5170 -rdynamic 
CMakeFiles/cmTC_a5170.dir/CheckSymbolExists.c.o: In function `main':
CheckSymbolExists.c:(.text+0x16): undefined reference to `pthread_create'
collect2: error: ld returned 1 exit status
CMakeFiles/cmTC_a5170.dir/build.make:97: recipe for target 'cmTC_a5170' failed
make[1]: *** [cmTC_a5170] Error 1
make[1]: Leaving directory '/home/e4e/workspace/multicam_orbslam/multicam_orbslam/MultiCol-SLAM/Examples/ROS/MultiColSLAM/build/CMakeFiles/CMakeTmp'
Makefile:126: recipe for target 'cmTC_a5170/fast' failed
make: *** [cmTC_a5170/fast] Error 2

File /home/e4e/workspace/multicam_orbslam/multicam_orbslam/MultiCol-SLAM/Examples/ROS/MultiColSLAM/build/CMakeFiles/CMakeTmp/CheckSymbolExists.c:
/* */
#include <pthread.h>

int main(int argc, char** argv)
{
  (void)argv;
#ifndef pthread_create
  return ((int*)(&pthread_create))[argc];
#else
  (void)argc;
  return 0;
#endif
}

Determining if the function pthread_create exists in the pthreads failed with the following output:
Change Dir: /home/e4e/workspace/multicam_orbslam/multicam_orbslam/MultiCol-SLAM/Examples/ROS/MultiColSLAM/build/CMakeFiles/CMakeTmp

Run Build Command:"/usr/bin/make" "cmTC_0253e/fast"
/usr/bin/make -f CMakeFiles/cmTC_0253e.dir/build.make CMakeFiles/cmTC_0253e.dir/build
make[1]: Entering directory '/home/e4e/workspace/multicam_orbslam/multicam_orbslam/MultiCol-SLAM/Examples/ROS/MultiColSLAM/build/CMakeFiles/CMakeTmp'
Building C object CMakeFiles/cmTC_0253e.dir/CheckFunctionExists.c.o
/usr/bin/cc    -DCHECK_FUNCTION_EXISTS=pthread_create   -o CMakeFiles/cmTC_0253e.dir/CheckFunctionExists.c.o   -c /usr/share/cmake-3.5/Modules/CheckFunctionExists.c
Linking C executable cmTC_0253e
/usr/bin/cmake -E cmake_link_script CMakeFiles/cmTC_0253e.dir/link.txt --verbose=1
/usr/bin/cc   -DCHECK_FUNCTION_EXISTS=pthread_create    CMakeFiles/cmTC_0253e.dir/CheckFunctionExists.c.o  -o cmTC_0253e -rdynamic -lpthreads 
/usr/bin/ld: cannot find -lpthreads
collect2: error: ld returned 1 exit status
CMakeFiles/cmTC_0253e.dir/build.make:97: recipe for target 'cmTC_0253e' failed
make[1]: *** [cmTC_0253e] Error 1
make[1]: Leaving directory '/home/e4e/workspace/multicam_orbslam/multicam_orbslam/MultiCol-SLAM/Examples/ROS/MultiColSLAM/build/CMakeFiles/CMakeTmp'
Makefile:126: recipe for target 'cmTC_0253e/fast' failed
make: *** [cmTC_0253e/fast] Error 2


